<?xml version="1.0" encoding="UTF-8"?>
<testng-results skipped="0" failed="0" ignored="0" total="1" passed="1">
  <reporter-output>
  </reporter-output>
  <suite name="Default suite" duration-ms="18681" started-at="2018-10-31T19:12:19Z" finished-at="2018-10-31T19:12:38Z">
    <groups>
    </groups>
    <test name="Default test" duration-ms="18681" started-at="2018-10-31T19:12:19Z" finished-at="2018-10-31T19:12:38Z">
      <class name="seleniumlabs.webelements.PageLinksTest">
        <test-method status="PASS" signature="checkLinks()[pri:0, instance:seleniumlabs.webelements.PageLinksTest@d8355a8]" name="checkLinks" duration-ms="18632" started-at="2018-10-31T19:12:19Z" finished-at="2018-10-31T19:12:38Z">
          <reporter-output>
          </reporter-output>
        </test-method> <!-- checkLinks -->
      </class> <!-- seleniumlabs.webelements.PageLinksTest -->
    </test> <!-- Default test -->
  </suite> <!-- Default suite -->
</testng-results>
